[14:35:45.612] Global cache location '/home/b0b1/.cache/typescript/4.1', safe file path '/home/b0b1/Prog/github/PersonalPage/personal-page/node_modules/typescript/lib/typingSafeList.json', types map path /home/b0b1/Prog/github/PersonalPage/personal-page/node_modules/typescript/lib/typesMap.json
[14:35:45.613] Processing cache location '/home/b0b1/.cache/typescript/4.1'
[14:35:45.613] Trying to find '/home/b0b1/.cache/typescript/4.1/package.json'...
[14:35:45.720] Loaded content of '/home/b0b1/.cache/typescript/4.1/package.json': {"private":true,"dependencies":{"types-registry":"^0.1.520"},"devDependencies":{"@types/accepts":"^1.3.5","@types/ajv-errors":"^1.0.3","@types/ansi-styles":"^3.2.1","@types/anymatch":"^1.3.1","@types/aos":"^3.0.3","@types/argparse":"^2.0.4","@types/aria-query":"^4.2.0","@types/arr-diff":"^4.0.0","@types/arr-union":"^3.1.0","@types/array-unique":"^0.3.0","@types/array.prototype.flat":"^1.2.1","@types/array.prototype.flatmap":"^1.2.2","@types/asap":"^2.0.0","@types/asn1":"^0.2.0","@types/assert":"^1.5.2","@types/assert-plus":"^1.0.4","@types/async":"^3.2.5","@types/atob":"^2.1.2","@types/autoprefixer":"^9.7.2","@types/aws4":"^1.5.1","@types/babel-plugin-macros":"^2.8.4","@types/babel-plugin-syntax-jsx":"^6.18.0","@types/babylon":"^6.16.5","@types/balanced-match":"^1.0.1","@types/big.js":"^6.0.1","@types/bluebird":"^3.5.33","@types/bn.js":"^4.11.6","@types/body-parser":"^1.19.0","@types/bonjour":"^3.5.8","@types/brace-expansion":"^1.1.0","@types/braces":"^3.0.0","@types/brorand":"^1.0.30","@types/browserslist":"^4.8.0","@types/bser":"^2.0.0","@types/buffer-from":"^1.1.0","@types/buffer-xor":"^2.0.0","@types/bytes":"^3.1.0","@types/cacache":"^12.0.1","@types/caniuse-api":"^3.0.1","@types/caniuse-lite":"^1.0.0","@types/case-sensitive-paths-webpack-plugin":"^2.1.4","@types/caseless":"^0.12.2","@types/check-types":"^7.3.1","@types/chownr":"^1.0.0","@types/ci-info":"^2.0.0","@types/cipher-base":"^1.0.0","@types/clean-css":"^4.2.3","@types/clone-deep":"^4.0.1","@types/co":"^4.6.2","@types/color":"^3.0.1","@types/color-convert":"^2.0.0","@types/color-name":"^1.1.1","@types/color-string":"^1.5.0","@types/combined-stream":"^1.0.2","@types/common-tags":"^1.8.0","@types/commondir":"^1.0.0","@types/component-emitter":"^1.2.10","@types/compose-function":"0.0.30","@types/compressible":"^2.0.0","@types/compression":"^1.7.0","@types/concat-map":"0.0.0","@types/concat-stream":"^1.6.0","@types/confusing-browser-globals":"^1.0.0","@types/connect-history-api-fallback":"^1.3.3","@types/contains-path":"^1.0.0","@types/content-disposition":"^0.5.3","@types/content-type":"^1.1.3","@types/convert-source-map":"^1.5.1","@types/cookie":"^0.4.0","@types/cookie-signature":"^1.0.3","@types/core-js":"^2.5.4","@types/create-hash":"^1.2.2","@types/create-hmac":"^1.1.0","@types/cross-spawn":"^6.0.2","@types/css":"0.0.31","@types/css-declaration-sorter":"^5.1.0","@types/css-tree":"^1.0.4","@types/cssesc":"^3.0.0","@types/cssnano":"^4.0.0","@types/csso":"^3.5.1","@types/cssom":"^0.4.1","@types/cssstyle":"^2.2.1","@types/d":"^1.0.0","@types/dashdash":"^1.14.0","@types/data-urls":"^2.0.0","@types/debug":"^4.1.5","@types/decode-uri-component":"^0.2.0","@types/dedent":"^0.7.0","@types/deep-equal":"^1.0.1","@types/default-gateway":"^3.0.1","@types/define-properties":"^1.1.3","@types/depd":"^1.1.32","@types/destroy":"^1.0.0","@types/detect-node":"^2.0.0","@types/diffie-hellman":"^5.0.0","@types/dir-glob":"^2.0.0","@types/doctrine":"0.0.3","@types/domexception":"^2.0.1","@types/domhandler":"^2.4.1","@types/domutils":"^1.7.3","@types/duplexify":"^3.6.0","@types/ee-first":"^1.1.0","@types/ejs":"^3.0.5","@types/elliptic":"^6.4.12","@types/encodeurl":"^1.0.0","@types/end-of-stream":"^1.4.0","@types/enhanced-resolve":"^3.0.6","@types/es-abstract":"^1.17.2","@types/es-to-primitive":"^1.2.4","@types/escape-html":"^1.0.0","@types/escodegen":"0.0.6","@types/eslint":"^7.2.6","@types/eslint-scope":"^3.7.0","@types/eslint-visitor-keys":"^1.0.0","@types/esprima":"^4.0.2","@types/esquery":"^1.0.1","@types/estraverse":"^5.1.0","@types/etag":"^1.8.0","@types/events":"^3.0.0","@types/eventsource":"^1.1.5","@types/exit":"^0.1.31","@types/express":"^4.17.9","@types/extend":"^3.0.1","@types/extsprintf":"^1.4.1","@types/fast-levenshtein":"0.0.1","@types/fb-watchman":"^2.0.0","@types/file-entry-cache":"^5.0.1","@types/file-loader":"^4.2.0","@types/finalhandler":"^1.1.0","@types/find-cache-dir":"^3.2.0","@types/flat-cache":"^2.0.0","@types/flush-write-stream":"^1.0.0","@types/follow-redirects":"^1.13.0","@types/forever-agent":"^0.6.0","@types/forwarded":"^0.1.0","@types/fresh":"^0.5.0","@types/from2":"^2.3.0","@types/fs-extra":"^9.0.5","@types/function-bind":"^1.1.6","@types/get-caller-file":"^1.0.0","@types/get-value":"^3.0.1","@types/getpass":"^0.1.0","@types/glob":"^7.1.3","@types/glob-parent":"^5.1.0","@types/global-modules":"^2.0.0","@types/global-prefix":"^3.0.0","@types/graceful-fs":"^4.1.4","@types/has":"^1.0.0","@types/has-symbols":"^1.0.0","@types/he":"^1.1.1","@types/hex-color-regex":"^1.1.0","@types/history":"^4.7.8","@types/hoist-non-react-statics":"^3.3.1","@types/hosted-git-info":"^3.0.1","@types/html-encoding-sniffer":"^2.0.1","@types/html-escaper":"^3.0.0","@types/html-minifier-terser":"^5.1.1","@types/htmlparser2":"^3.10.2","@types/http-errors":"^1.8.0","@types/http-proxy":"^1.17.4","@types/http-proxy-middleware":"^0.19.3","@types/icss-utils":"^4.1.0","@types/iferr":"^1.0.2","@types/imurmurhash":"^0.1.1","@types/inherits":"0.0.30","@types/ini":"^1.3.30","@types/internal-slot":"^1.0.1","@types/ip":"^1.1.0","@types/is-arguments":"^1.0.0","@types/is-buffer":"^2.0.0","@types/is-callable":"^1.1.0","@types/is-ci":"^2.0.0","@types/is-core-module":"^2.2.0","@types/is-date-object":"^1.0.1","@types/is-glob":"^4.0.1","@types/is-number":"^7.0.1","@types/is-regex":"^1.0.0","@types/is-typedarray":"^1.0.0","@types/is-windows":"^1.0.0","@types/isarray":"^2.0.0","@types/isexe":"^2.0.0","@types/isstream":"^0.1.0","@types/istanbul-lib-coverage":"^2.0.3","@types/istanbul-lib-instrument":"^1.7.4","@types/istanbul-lib-report":"^3.0.0","@types/istanbul-lib-source-maps":"^4.0.1","@types/istanbul-reports":"^3.0.0","@types/js-yaml":"^3.12.5","@types/jsbn":"^1.2.29","@types/jsdom":"^16.2.5","@types/jsesc":"^2.5.1","@types/json-parse-better-errors":"^1.0.0","@types/json-schema":"^7.0.6","@types/json-schema-traverse":"^0.4.0","@types/json-stringify-safe":"^5.0.0","@types/json3":"^3.3.2","@types/json5":"0.0.30","@types/jsonfile":"^6.0.0","@types/kind-of":"^6.0.0","@types/language-tags":"^1.0.0","@types/loader-runner":"^2.2.3","@types/loader-utils":"^2.0.1","@types/lodash":"^4.14.165","@types/lodash.debounce":"^4.0.6","@types/lodash.memoize":"^4.1.6","@types/lodash.sortby":"^4.7.6","@types/lodash.template":"^4.5.0","@types/lodash.throttle":"^4.1.6","@types/lodash.uniq":"^4.5.6","@types/lru-cache":"^5.1.0","@types/lz-string":"^1.3.34","@types/media-typer":"^1.1.0","@types/memory-fs":"^0.3.2","@types/merge-descriptors":"^1.0.1","@types/merge-stream":"^1.1.2","@types/merge2":"^1.3.0","@types/methods":"^1.1.1","@types/micromatch":"^4.0.1","@types/mime":"^2.0.3","@types/mime-db":"^1.43.0","@types/mime-types":"^2.1.0","@types/min-indent":"^1.0.0","@types/mini-css-extract-plugin":"^1.2.2","@types/minimalistic-assert":"^1.0.1","@types/minimatch":"^3.0.3","@types/minimist":"^1.2.1","@types/minipass":"^2.2.0","@types/mkdirp":"^1.0.1","@types/move-concurrently":"^1.0.2","@types/ms":"^0.7.31","@types/natural-compare":"^1.4.0","@types/negotiator":"^0.6.1","@types/next-tick":"^1.0.0","@types/nice-try":"^2.1.0","@types/node-forge":"^0.9.5","@types/node-int64":"^0.4.29","@types/node-notifier":"^8.0.0","@types/normalize-package-data":"^2.4.0","@types/normalize-path":"^3.0.0","@types/num2fraction":"^1.2.0","@types/object-assign":"^4.0.30","@types/object-inspect":"^1.8.0","@types/object-keys":"^1.0.1","@types/object.fromentries":"^2.0.0","@types/object.getownpropertydescriptors":"^2.1.1","@types/object.pick":"^1.3.0","@types/on-finished":"^2.3.1","@types/on-headers":"^1.0.0","@types/once":"^1.4.0","@types/optimize-css-assets-webpack-plugin":"^5.0.1","@types/original":"^1.0.0","@types/pako":"^1.0.1","@types/parallel-transform":"^1.1.0","@types/parse-json":"^4.0.0","@types/parse5":"^5.0.3","@types/parseurl":"^1.3.1","@types/pascalcase":"^1.0.0","@types/path-is-absolute":"^1.0.0","@types/path-is-inside":"^1.0.0","@types/path-parse":"^1.0.19","@types/pbkdf2":"^3.1.0","@types/picomatch":"^2.2.1","@types/pify":"^3.0.2","@types/postcss-calc":"^7.0.0","@types/postcss-custom-properties":"^9.1.0","@types/postcss-flexbugs-fixes":"^4.2.0","@types/postcss-focus-within":"^4.0.0","@types/postcss-gap-properties":"^2.0.0","@types/postcss-load-config":"^2.0.1","@types/postcss-modules-extract-imports":"^2.0.0","@types/postcss-modules-local-by-default":"^1.2.0","@types/postcss-modules-scope":"^1.1.0","@types/postcss-modules-values":"^3.0.0","@types/postcss-normalize":"^9.0.0","@types/postcss-preset-env":"^6.7.0","@types/postcss-safe-parser":"^4.0.0","@types/prelude-ls":"^1.1.29","@types/progress":"^2.0.3","@types/promise-inflight":"^1.0.0","@types/prompts":"^2.0.9","@types/prop-types":"^15.7.3","@types/proxy-addr":"^2.0.0","@types/psl":"^1.1.0","@types/pump":"^1.1.0","@types/pumpify":"^1.4.1","@types/punycode":"^2.1.0","@types/q":"^1.5.4","@types/qs":"^6.9.5","@types/querystringify":"^2.0.0","@types/raf":"^3.4.0","@types/randombytes":"^2.0.0","@types/range-parser":"^1.2.3","@types/react":"^17.0.0","@types/react-dev-utils":"^9.0.4","@types/react-dom":"^17.0.0","@types/react-is":"^17.0.0","@types/react-router":"^5.1.8","@types/react-router-dom":"^5.1.6","@types/react-scroll":"^1.8.2","@types/readable-stream":"^2.3.9","@types/recursive-readdir":"^2.2.0","@types/regenerator-runtime":"^0.13.0","@types/relateurl":"^0.2.28","@types/repeat-element":"^1.1.0","@types/repeat-string":"^1.6.0","@types/request":"^2.48.5","@types/request-promise-native":"^1.0.17","@types/require-directory":"^2.1.1","@types/requires-port":"^1.0.0","@types/resolve":"^1.17.1","@types/retry":"^0.12.0","@types/rimraf":"^3.0.0","@types/ripemd160":"^2.0.0","@types/rsvp":"^4.0.3","@types/run-parallel":"^1.1.0","@types/safe-regex":"^1.1.2","@types/safer-buffer":"^2.1.0","@types/sane":"^2.0.0","@types/sass-loader":"^8.0.0","@types/sax":"^1.2.1","@types/scheduler":"^0.16.1","@types/semver":"^7.3.4","@types/send":"^0.14.5","@types/serialize-javascript":"^5.0.0","@types/serve-index":"^1.7.30","@types/serve-static":"^1.13.8","@types/set-value":"^2.0.0","@types/setimmediate":"^1.0.2","@types/sha.js":"^2.4.0","@types/shallowequal":"^1.1.1","@types/shebang-command":"^1.2.0","@types/shell-quote":"^1.7.0","@types/signal-exit":"^3.0.0","@types/slice-ansi":"^4.0.0","@types/sockjs":"^0.3.32","@types/sockjs-client":"^1.5.0","@types/source-list-map":"^0.1.2","@types/source-map-support":"^0.5.3","@types/spdx-correct":"^2.0.0","@types/spdx-expression-parse":"^3.0.0","@types/spdy":"^3.4.4","@types/sprintf":"^0.1.0","@types/sprintf-js":"^1.1.2","@types/sshpk":"^1.10.5","@types/ssri":"^7.1.0","@types/stack-utils":"^2.0.0","@types/statuses":"^2.0.0","@types/stream-each":"^1.2.0","@types/stream-shift":"^1.0.0","@types/strict-uri-encode":"^2.0.0","@types/string-natural-compare":"^3.0.0","@types/string.prototype.matchall":"^4.0.0","@types/stringify-object":"^3.3.0","@types/strip-comments":"^2.0.0","@types/styled-components":"^5.1.6","@types/styled-theming":"^2.2.5","@types/supports-color":"^7.2.0","@types/svg-parser":"^2.0.1","@types/svgo":"^1.3.3","@types/symbol-tree":"^3.2.1","@types/table":"^6.0.0","@types/tapable":"^1.0.6","@types/tar":"^4.0.4","@types/terser-webpack-plugin":"^5.0.2","@types/testing-library__jest-dom":"^5.9.5","@types/text-table":"^0.2.1","@types/through2":"^2.0.36","@types/timsort":"^0.3.0","@types/tough-cookie":"^4.0.0","@types/tryer":"^1.0.1","@types/type-check":"^0.3.27","@types/type-detect":"^4.0.1","@types/type-is":"^1.6.3","@types/uniq":"0.0.27","@types/unist":"^2.0.3","@types/universalify":"^1.0.0","@types/urix":"^0.1.0","@types/url-parse":"^1.4.3","@types/util-deprecate":"^1.0.0","@types/util.promisify":"^1.0.4","@types/utils-merge":"0.0.28","@types/uuid":"^8.3.0","@types/validate-npm-package-license":"^3.0.0","@types/vary":"^1.1.0","@types/verror":"^1.10.4","@types/w3c-xmlserializer":"^2.0.1","@types/watchpack":"^1.1.5","@types/webidl-conversions":"^6.1.0","@types/webpack":"^4.41.25","@types/webpack-dev-middleware":"^3.7.2","@types/webpack-dev-server":"^3.11.1","@types/webpack-manifest-plugin":"^3.0.1","@types/webpack-sources":"^2.1.0","@types/whatwg-encoding":"^1.0.0","@types/whatwg-mimetype":"^2.1.0","@types/whatwg-url":"^8.0.0","@types/which":"^1.3.2","@types/workbox-build":"^5.0.0","@types/workbox-sw":"^4.3.1","@types/workbox-webpack-plugin":"^5.1.5","@types/wrap-ansi":"^3.0.0","@types/write":"^2.0.0","@types/write-file-atomic":"^3.0.1","@types/ws":"^7.4.0","@types/xtend":"^4.0.3","@types/y18n":"^4.0.0","@types/yallist":"^3.0.1","@types/yargs":"^15.0.12","@types/yargs-parser":"^15.0.0"}}
[14:35:45.723] Loaded content of '/home/b0b1/.cache/typescript/4.1/package-lock.json'
[14:35:45.868] Adding entry into typings cache: 'accepts' => '/home/b0b1/.cache/typescript/4.1/node_modules/@types/accepts/index.d.ts'
[14:35:45.917] Adding entry into typings cache: 'ajv-errors' => '/home/b0b1/.cache/typescript/4.1/node_modules/@types/ajv-errors/index.d.ts'
[14:35:46.055] Adding entry into typings cache: 'ansi-styles' => '/home/b0b1/.cache/typescript/4.1/node_modules/@types/ansi-styles/index.d.ts'
[14:35:46.117] Adding entry into typings cache: 'anymatch' => '/home/b0b1/.cache/typescript/4.1/node_modules/@types/anymatch/index.d.ts'
[14:35:46.159] Adding entry into typings cache: 'aos' => '/home/b0b1/.cache/typescript/4.1/node_modules/@types/aos/index.d.ts'
[14:35:46.182] Adding entry into typings cache: 'argparse' => '/home/b0b1/.cache/typescript/4.1/node_modules/@types/argparse/index.d.ts'
[14:35:46.230] Adding entry into typings cache: 'aria-query' => '/home/b0b1/.cache/typescript/4.1/node_modules/@types/aria-query/index.d.ts'
[14:35:46.362] Adding entry into typings cache: 'arr-diff' => '/home/b0b1/.cache/typescript/4.1/node_modules/@types/arr-diff/index.d.ts'
[14:35:46.455] Adding entry into typings cache: 'arr-union' => '/home/b0b1/.cache/typescript/4.1/node_modules/@types/arr-union/index.d.ts'
[14:35:46.490] Adding entry into typings cache: 'array-unique' => '/home/b0b1/.cache/typescript/4.1/node_modules/@types/array-unique/index.d.ts'
[14:35:46.560] Adding entry into typings cache: 'array.prototype.flat' => '/home/b0b1/.cache/typescript/4.1/node_modules/@types/array.prototype.flat/index.d.ts'
[14:35:46.647] Adding entry into typings cache: 'array.prototype.flatmap' => '/home/b0b1/.cache/typescript/4.1/node_modules/@types/array.prototype.flatmap/index.d.ts'
[14:35:46.739] Adding entry into typings cache: 'asap' => '/home/b0b1/.cache/typescript/4.1/node_modules/@types/asap/index.d.ts'
[14:35:46.789] Adding entry into typings cache: 'asn1' => '/home/b0b1/.cache/typescript/4.1/node_modules/@types/asn1/index.d.ts'
[14:35:46.849] Adding entry into typings cache: 'assert' => '/home/b0b1/.cache/typescript/4.1/node_modules/@types/assert/index.d.ts'
[14:35:46.853] Adding entry into typings cache: 'assert-plus' => '/home/b0b1/.cache/typescript/4.1/node_modules/@types/assert-plus/index.d.ts'
[14:35:46.936] Adding entry into typings cache: 'async' => '/home/b0b1/.cache/typescript/4.1/node_modules/@types/async/index.d.ts'
[14:35:47.061] Adding entry into typings cache: 'atob' => '/home/b0b1/.cache/typescript/4.1/node_modules/@types/atob/index.d.ts'
[14:35:47.108] Adding entry into typings cache: 'autoprefixer' => '/home/b0b1/.cache/typescript/4.1/node_modules/@types/autoprefixer/index.d.ts'
[14:35:47.125] Adding entry into typings cache: 'aws4' => '/home/b0b1/.cache/typescript/4.1/node_modules/@types/aws4/index.d.ts'
[14:35:47.167] Adding entry into typings cache: 'babel-plugin-macros' => '/home/b0b1/.cache/typescript/4.1/node_modules/@types/babel-plugin-macros/index.d.ts'
[14:35:47.209] Adding entry into typings cache: 'babel-plugin-syntax-jsx' => '/home/b0b1/.cache/typescript/4.1/node_modules/@types/babel-plugin-syntax-jsx/index.d.ts'
[14:35:47.255] Adding entry into typings cache: 'babylon' => '/home/b0b1/.cache/typescript/4.1/node_modules/@types/babylon/index.d.ts'
[14:35:47.353] Adding entry into typings cache: 'balanced-match' => '/home/b0b1/.cache/typescript/4.1/node_modules/@types/balanced-match/index.d.ts'
[14:35:47.492] Adding entry into typings cache: 'big.js' => '/home/b0b1/.cache/typescript/4.1/node_modules/@types/big.js/index.d.ts'
[14:35:47.585] Adding entry into typings cache: 'bluebird' => '/home/b0b1/.cache/typescript/4.1/node_modules/@types/bluebird/index.d.ts'
[14:35:47.661] Adding entry into typings cache: 'bn.js' => '/home/b0b1/.cache/typescript/4.1/node_modules/@types/bn.js/index.d.ts'
[14:35:47.740] Adding entry into typings cache: 'body-parser' => '/home/b0b1/.cache/typescript/4.1/node_modules/@types/body-parser/index.d.ts'
[14:35:47.815] Adding entry into typings cache: 'bonjour' => '/home/b0b1/.cache/typescript/4.1/node_modules/@types/bonjour/index.d.ts'
[14:35:47.864] Adding entry into typings cache: 'brace-expansion' => '/home/b0b1/.cache/typescript/4.1/node_modules/@types/brace-expansion/index.d.ts'
[14:35:47.933] Adding entry into typings cache: 'braces' => '/home/b0b1/.cache/typescript/4.1/node_modules/@types/braces/index.d.ts'
[14:35:48.049] Adding entry into typings cache: 'brorand' => '/home/b0b1/.cache/typescript/4.1/node_modules/@types/brorand/index.d.ts'
[14:35:48.241] Adding entry into typings cache: 'browserslist' => '/home/b0b1/.cache/typescript/4.1/node_modules/browserslist/index.d.ts'
[14:35:48.337] Adding entry into typings cache: 'bser' => '/home/b0b1/.cache/typescript/4.1/node_modules/@types/bser/index.d.ts'
[14:35:48.483] Adding entry into typings cache: 'buffer-from' => '/home/b0b1/.cache/typescript/4.1/node_modules/@types/buffer-from/index.d.ts'
[14:35:48.642] Adding entry into typings cache: 'buffer-xor' => '/home/b0b1/.cache/typescript/4.1/node_modules/@types/buffer-xor/index.d.ts'
[14:35:48.675] Adding entry into typings cache: 'bytes' => '/home/b0b1/.cache/typescript/4.1/node_modules/@types/bytes/index.d.ts'
[14:35:48.719] Adding entry into typings cache: 'cacache' => '/home/b0b1/.cache/typescript/4.1/node_modules/@types/cacache/index.d.ts'
[14:35:48.791] Adding entry into typings cache: 'caniuse-api' => '/home/b0b1/.cache/typescript/4.1/node_modules/@types/caniuse-api/index.d.ts'
[14:35:48.987] Adding entry into typings cache: 'caniuse-lite' => '/home/b0b1/.cache/typescript/4.1/node_modules/@types/caniuse-lite/index.d.ts'
[14:35:49.030] Adding entry into typings cache: 'case-sensitive-paths-webpack-plugin' => '/home/b0b1/.cache/typescript/4.1/node_modules/@types/case-sensitive-paths-webpack-plugin/index.d.ts'
[14:35:49.096] Adding entry into typings cache: 'caseless' => '/home/b0b1/.cache/typescript/4.1/node_modules/@types/caseless/index.d.ts'
[14:35:49.173] Adding entry into typings cache: 'check-types' => '/home/b0b1/.cache/typescript/4.1/node_modules/@types/check-types/index.d.ts'
[14:35:49.204] Adding entry into typings cache: 'chownr' => '/home/b0b1/.cache/typescript/4.1/node_modules/@types/chownr/index.d.ts'
[14:35:49.217] Adding entry into typings cache: 'ci-info' => '/home/b0b1/.cache/typescript/4.1/node_modules/@types/ci-info/index.d.ts'
[14:35:49.263] Adding entry into typings cache: 'cipher-base' => '/home/b0b1/.cache/typescript/4.1/node_modules/@types/cipher-base/index.d.ts'
[14:35:49.336] Adding entry into typings cache: 'clean-css' => '/home/b0b1/.cache/typescript/4.1/node_modules/@types/clean-css/index.d.ts'
[14:35:49.373] Adding entry into typings cache: 'clone-deep' => '/home/b0b1/.cache/typescript/4.1/node_modules/@types/clone-deep/index.d.ts'
[14:35:49.424] Adding entry into typings cache: 'co' => '/home/b0b1/.cache/typescript/4.1/node_modules/@types/co/index.d.ts'
[14:35:49.567] Adding entry into typings cache: 'color' => '/home/b0b1/.cache/typescript/4.1/node_modules/@types/color/index.d.ts'
[14:35:49.716] Adding entry into typings cache: 'color-convert' => '/home/b0b1/.cache/typescript/4.1/node_modules/@types/color-convert/index.d.ts'
[14:35:49.779] Adding entry into typings cache: 'color-name' => '/home/b0b1/.cache/typescript/4.1/node_modules/@types/color-name/index.d.ts'
[14:35:49.818] Adding entry into typings cache: 'color-string' => '/home/b0b1/.cache/typescript/4.1/node_modules/@types/color-string/index.d.ts'
[14:35:49.957] Adding entry into typings cache: 'combined-stream' => '/home/b0b1/.cache/typescript/4.1/node_modules/@types/combined-stream/index.d.ts'
[14:35:50.036] Adding entry into typings cache: 'common-tags' => '/home/b0b1/.cache/typescript/4.1/node_modules/@types/common-tags/index.d.ts'
[14:35:50.109] Adding entry into typings cache: 'commondir' => '/home/b0b1/.cache/typescript/4.1/node_modules/@types/commondir/index.d.ts'
[14:35:50.257] Adding entry into typings cache: 'component-emitter' => '/home/b0b1/.cache/typescript/4.1/node_modules/@types/component-emitter/index.d.ts'
[14:35:50.336] Adding entry into typings cache: 'compose-function' => '/home/b0b1/.cache/typescript/4.1/node_modules/@types/compose-function/index.d.ts'
[14:35:50.401] Adding entry into typings cache: 'compressible' => '/home/b0b1/.cache/typescript/4.1/node_modules/@types/compressible/index.d.ts'
[14:35:50.513] Adding entry into typings cache: 'compression' => '/home/b0b1/.cache/typescript/4.1/node_modules/@types/compression/index.d.ts'
[14:35:50.637] Adding entry into typings cache: 'concat-map' => '/home/b0b1/.cache/typescript/4.1/node_modules/@types/concat-map/index.d.ts'
[14:35:50.871] Adding entry into typings cache: 'concat-stream' => '/home/b0b1/.cache/typescript/4.1/node_modules/@types/concat-stream/index.d.ts'
[14:35:50.961] Adding entry into typings cache: 'confusing-browser-globals' => '/home/b0b1/.cache/typescript/4.1/node_modules/@types/confusing-browser-globals/index.d.ts'
[14:35:51.014] Adding entry into typings cache: 'connect-history-api-fallback' => '/home/b0b1/.cache/typescript/4.1/node_modules/@types/connect-history-api-fallback/index.d.ts'
[14:35:51.034] Adding entry into typings cache: 'contains-path' => '/home/b0b1/.cache/typescript/4.1/node_modules/@types/contains-path/index.d.ts'
[14:35:51.038] Adding entry into typings cache: 'content-disposition' => '/home/b0b1/.cache/typescript/4.1/node_modules/@types/content-disposition/index.d.ts'
[14:35:51.041] Adding entry into typings cache: 'content-type' => '/home/b0b1/.cache/typescript/4.1/node_modules/@types/content-type/index.d.ts'
[14:35:51.154] Adding entry into typings cache: 'convert-source-map' => '/home/b0b1/.cache/typescript/4.1/node_modules/@types/convert-source-map/index.d.ts'
[14:35:51.187] Adding entry into typings cache: 'cookie' => '/home/b0b1/.cache/typescript/4.1/node_modules/@types/cookie/index.d.ts'
[14:35:51.198] Adding entry into typings cache: 'cookie-signature' => '/home/b0b1/.cache/typescript/4.1/node_modules/@types/cookie-signature/index.d.ts'
[14:35:51.239] Adding entry into typings cache: 'core-js' => '/home/b0b1/.cache/typescript/4.1/node_modules/@types/core-js/index.d.ts'
[14:35:51.256] Adding entry into typings cache: 'create-hash' => '/home/b0b1/.cache/typescript/4.1/node_modules/@types/create-hash/index.d.ts'
[14:35:51.262] Adding entry into typings cache: 'create-hmac' => '/home/b0b1/.cache/typescript/4.1/node_modules/@types/create-hmac/index.d.ts'
[14:35:51.306] Adding entry into typings cache: 'cross-spawn' => '/home/b0b1/.cache/typescript/4.1/node_modules/@types/cross-spawn/index.d.ts'
[14:35:51.366] Adding entry into typings cache: 'css' => '/home/b0b1/.cache/typescript/4.1/node_modules/@types/css/index.d.ts'
[14:35:51.411] Adding entry into typings cache: 'css-declaration-sorter' => '/home/b0b1/.cache/typescript/4.1/node_modules/@types/css-declaration-sorter/index.d.ts'
[14:35:51.435] Adding entry into typings cache: 'css-tree' => '/home/b0b1/.cache/typescript/4.1/node_modules/@types/css-tree/index.d.ts'
[14:35:51.442] Adding entry into typings cache: 'cssesc' => '/home/b0b1/.cache/typescript/4.1/node_modules/@types/cssesc/index.d.ts'
[14:35:51.449] Adding entry into typings cache: 'cssnano' => '/home/b0b1/.cache/typescript/4.1/node_modules/@types/cssnano/index.d.ts'
[14:35:51.455] Adding entry into typings cache: 'csso' => '/home/b0b1/.cache/typescript/4.1/node_modules/@types/csso/index.d.ts'
[14:35:51.533] Adding entry into typings cache: 'cssom' => '/home/b0b1/.cache/typescript/4.1/node_modules/@types/cssom/index.d.ts'
[14:35:51.579] Adding entry into typings cache: 'cssstyle' => '/home/b0b1/.cache/typescript/4.1/node_modules/@types/cssstyle/index.d.ts'
[14:35:51.596] Adding entry into typings cache: 'd' => '/home/b0b1/.cache/typescript/4.1/node_modules/@types/d/index.d.ts'
[14:35:51.657] Adding entry into typings cache: 'dashdash' => '/home/b0b1/.cache/typescript/4.1/node_modules/@types/dashdash/index.d.ts'
[14:35:51.689] Adding entry into typings cache: 'data-urls' => '/home/b0b1/.cache/typescript/4.1/node_modules/@types/data-urls/index.d.ts'
[14:35:51.929] Adding entry into typings cache: 'debug' => '/home/b0b1/.cache/typescript/4.1/node_modules/@types/debug/index.d.ts'
[14:35:52.047] Adding entry into typings cache: 'decode-uri-component' => '/home/b0b1/.cache/typescript/4.1/node_modules/@types/decode-uri-component/index.d.ts'
[14:35:52.074] Adding entry into typings cache: 'dedent' => '/home/b0b1/.cache/typescript/4.1/node_modules/@types/dedent/index.d.ts'
[14:35:52.077] Adding entry into typings cache: 'deep-equal' => '/home/b0b1/.cache/typescript/4.1/node_modules/@types/deep-equal/index.d.ts'
[14:35:52.081] Adding entry into typings cache: 'default-gateway' => '/home/b0b1/.cache/typescript/4.1/node_modules/@types/default-gateway/index.d.ts'
[14:35:52.086] Adding entry into typings cache: 'define-properties' => '/home/b0b1/.cache/typescript/4.1/node_modules/@types/define-properties/index.d.ts'
[14:35:52.089] Adding entry into typings cache: 'depd' => '/home/b0b1/.cache/typescript/4.1/node_modules/@types/depd/index.d.ts'
[14:35:52.093] Adding entry into typings cache: 'destroy' => '/home/b0b1/.cache/typescript/4.1/node_modules/@types/destroy/index.d.ts'
[14:35:52.096] Adding entry into typings cache: 'detect-node' => '/home/b0b1/.cache/typescript/4.1/node_modules/@types/detect-node/index.d.ts'
[14:35:52.098] Adding entry into typings cache: 'diffie-hellman' => '/home/b0b1/.cache/typescript/4.1/node_modules/@types/diffie-hellman/index.d.ts'
[14:35:52.099] Adding entry into typings cache: 'dir-glob' => '/home/b0b1/.cache/typescript/4.1/node_modules/@types/dir-glob/index.d.ts'
[14:35:52.101] Adding entry into typings cache: 'doctrine' => '/home/b0b1/.cache/typescript/4.1/node_modules/@types/doctrine/index.d.ts'
[14:35:52.151] Adding entry into typings cache: 'domexception' => '/home/b0b1/.cache/typescript/4.1/node_modules/@types/domexception/index.d.ts'
[14:35:52.240] Adding entry into typings cache: 'domhandler' => '/home/b0b1/.cache/typescript/4.1/node_modules/@types/domhandler/index.d.ts'
[14:35:52.315] Adding entry into typings cache: 'domutils' => '/home/b0b1/.cache/typescript/4.1/node_modules/@types/domutils/index.d.ts'
[14:35:52.337] Adding entry into typings cache: 'duplexify' => '/home/b0b1/.cache/typescript/4.1/node_modules/@types/duplexify/index.d.ts'
[14:35:52.344] Adding entry into typings cache: 'ee-first' => '/home/b0b1/.cache/typescript/4.1/node_modules/@types/ee-first/index.d.ts'
[14:35:52.358] Adding entry into typings cache: 'ejs' => '/home/b0b1/.cache/typescript/4.1/node_modules/@types/ejs/index.d.ts'
[14:35:52.372] Adding entry into typings cache: 'elliptic' => '/home/b0b1/.cache/typescript/4.1/node_modules/@types/elliptic/index.d.ts'
[14:35:52.412] Adding entry into typings cache: 'encodeurl' => '/home/b0b1/.cache/typescript/4.1/node_modules/@types/encodeurl/index.d.ts'
[14:35:52.514] Adding entry into typings cache: 'end-of-stream' => '/home/b0b1/.cache/typescript/4.1/node_modules/@types/end-of-stream/index.d.ts'
[14:35:52.672] Adding entry into typings cache: 'enhanced-resolve' => '/home/b0b1/.cache/typescript/4.1/node_modules/enhanced-resolve/types.d.ts'
[14:35:52.891] Adding entry into typings cache: 'es-abstract' => '/home/b0b1/.cache/typescript/4.1/node_modules/@types/es-abstract/index.d.ts'
[14:35:52.959] Adding entry into typings cache: 'es-to-primitive' => '/home/b0b1/.cache/typescript/4.1/node_modules/@types/es-to-primitive/index.d.ts'
[14:35:52.982] Adding entry into typings cache: 'escape-html' => '/home/b0b1/.cache/typescript/4.1/node_modules/@types/escape-html/index.d.ts'
[14:35:53.104] Adding entry into typings cache: 'escodegen' => '/home/b0b1/.cache/typescript/4.1/node_modules/@types/escodegen/index.d.ts'
[14:35:53.150] Adding entry into typings cache: 'eslint' => '/home/b0b1/.cache/typescript/4.1/node_modules/@types/eslint/index.d.ts'
[14:35:53.301] Adding entry into typings cache: 'eslint-scope' => '/home/b0b1/.cache/typescript/4.1/node_modules/@types/eslint-scope/index.d.ts'
[14:35:53.361] Adding entry into typings cache: 'eslint-visitor-keys' => '/home/b0b1/.cache/typescript/4.1/node_modules/@types/eslint-visitor-keys/index.d.ts'
[14:35:53.387] Adding entry into typings cache: 'esprima' => '/home/b0b1/.cache/typescript/4.1/node_modules/@types/esprima/index.d.ts'
[14:35:53.533] Adding entry into typings cache: 'esquery' => '/home/b0b1/.cache/typescript/4.1/node_modules/@types/esquery/index.d.ts'
[14:35:53.703] Adding entry into typings cache: 'estraverse' => '/home/b0b1/.cache/typescript/4.1/node_modules/@types/estraverse/index.d.ts'
[14:35:53.755] Adding entry into typings cache: 'etag' => '/home/b0b1/.cache/typescript/4.1/node_modules/@types/etag/index.d.ts'
[14:35:53.820] Adding entry into typings cache: 'events' => '/home/b0b1/.cache/typescript/4.1/node_modules/@types/events/index.d.ts'
[14:35:53.862] Adding entry into typings cache: 'eventsource' => '/home/b0b1/.cache/typescript/4.1/node_modules/@types/eventsource/index.d.ts'
[14:35:53.965] Adding entry into typings cache: 'exit' => '/home/b0b1/.cache/typescript/4.1/node_modules/@types/exit/index.d.ts'
[14:35:54.133] Adding entry into typings cache: 'express' => '/home/b0b1/.cache/typescript/4.1/node_modules/@types/express/index.d.ts'
[14:35:54.157] Adding entry into typings cache: 'extend' => '/home/b0b1/.cache/typescript/4.1/node_modules/@types/extend/index.d.ts'
[14:35:54.215] Adding entry into typings cache: 'extsprintf' => '/home/b0b1/.cache/typescript/4.1/node_modules/@types/extsprintf/index.d.ts'
[14:35:54.241] Adding entry into typings cache: 'fast-levenshtein' => '/home/b0b1/.cache/typescript/4.1/node_modules/@types/fast-levenshtein/index.d.ts'
[14:35:54.349] Adding entry into typings cache: 'fb-watchman' => '/home/b0b1/.cache/typescript/4.1/node_modules/@types/fb-watchman/index.d.ts'
[14:35:54.400] Adding entry into typings cache: 'file-entry-cache' => '/home/b0b1/.cache/typescript/4.1/node_modules/@types/file-entry-cache/index.d.ts'
[14:35:54.478] Adding entry into typings cache: 'file-loader' => '/home/b0b1/.cache/typescript/4.1/node_modules/@types/file-loader/index.d.ts'
[14:35:54.529] Adding entry into typings cache: 'finalhandler' => '/home/b0b1/.cache/typescript/4.1/node_modules/@types/finalhandler/index.d.ts'
[14:35:54.570] Adding entry into typings cache: 'find-cache-dir' => '/home/b0b1/.cache/typescript/4.1/node_modules/@types/find-cache-dir/index.d.ts'
[14:35:54.622] Adding entry into typings cache: 'flat-cache' => '/home/b0b1/.cache/typescript/4.1/node_modules/@types/flat-cache/index.d.ts'
[14:35:54.677] Adding entry into typings cache: 'flush-write-stream' => '/home/b0b1/.cache/typescript/4.1/node_modules/@types/flush-write-stream/index.d.ts'
[14:35:54.764] Adding entry into typings cache: 'follow-redirects' => '/home/b0b1/.cache/typescript/4.1/node_modules/@types/follow-redirects/index.d.ts'
[14:35:54.803] Adding entry into typings cache: 'forever-agent' => '/home/b0b1/.cache/typescript/4.1/node_modules/@types/forever-agent/index.d.ts'
[14:35:54.871] Adding entry into typings cache: 'forwarded' => '/home/b0b1/.cache/typescript/4.1/node_modules/@types/forwarded/index.d.ts'
[14:35:54.901] Adding entry into typings cache: 'fresh' => '/home/b0b1/.cache/typescript/4.1/node_modules/@types/fresh/index.d.ts'
[14:35:54.929] Adding entry into typings cache: 'from2' => '/home/b0b1/.cache/typescript/4.1/node_modules/@types/from2/index.d.ts'
[14:35:54.974] Adding entry into typings cache: 'fs-extra' => '/home/b0b1/.cache/typescript/4.1/node_modules/@types/fs-extra/index.d.ts'
[14:35:54.986] Adding entry into typings cache: 'function-bind' => '/home/b0b1/.cache/typescript/4.1/node_modules/@types/function-bind/index.d.ts'
[14:35:55.247] Adding entry into typings cache: 'get-caller-file' => '/home/b0b1/.cache/typescript/4.1/node_modules/@types/get-caller-file/index.d.ts'
[14:35:55.608] Adding entry into typings cache: 'get-value' => '/home/b0b1/.cache/typescript/4.1/node_modules/@types/get-value/index.d.ts'
[14:35:55.631] Adding entry into typings cache: 'getpass' => '/home/b0b1/.cache/typescript/4.1/node_modules/@types/getpass/index.d.ts'
[14:35:55.666] Adding entry into typings cache: 'glob' => '/home/b0b1/.cache/typescript/4.1/node_modules/@types/glob/index.d.ts'
[14:35:55.742] Adding entry into typings cache: 'glob-parent' => '/home/b0b1/.cache/typescript/4.1/node_modules/@types/glob-parent/index.d.ts'
[14:35:55.755] Adding entry into typings cache: 'global-modules' => '/home/b0b1/.cache/typescript/4.1/node_modules/@types/global-modules/index.d.ts'
[14:35:55.798] Adding entry into typings cache: 'global-prefix' => '/home/b0b1/.cache/typescript/4.1/node_modules/@types/global-prefix/index.d.ts'
[14:35:55.922] Adding entry into typings cache: 'graceful-fs' => '/home/b0b1/.cache/typescript/4.1/node_modules/@types/graceful-fs/index.d.ts'
[14:35:55.968] Adding entry into typings cache: 'has' => '/home/b0b1/.cache/typescript/4.1/node_modules/@types/has/index.d.ts'
[14:35:56.002] Adding entry into typings cache: 'has-symbols' => '/home/b0b1/.cache/typescript/4.1/node_modules/@types/has-symbols/index.d.ts'
[14:35:56.044] Adding entry into typings cache: 'he' => '/home/b0b1/.cache/typescript/4.1/node_modules/@types/he/index.d.ts'
[14:35:56.066] Adding entry into typings cache: 'hex-color-regex' => '/home/b0b1/.cache/typescript/4.1/node_modules/@types/hex-color-regex/index.d.ts'
[14:35:56.154] Adding entry into typings cache: 'history' => '/home/b0b1/.cache/typescript/4.1/node_modules/@types/history/index.d.ts'
[14:35:56.339] Adding entry into typings cache: 'hoist-non-react-statics' => '/home/b0b1/.cache/typescript/4.1/node_modules/@types/hoist-non-react-statics/index.d.ts'
[14:35:56.474] Adding entry into typings cache: 'hosted-git-info' => '/home/b0b1/.cache/typescript/4.1/node_modules/@types/hosted-git-info/index.d.ts'
[14:35:56.509] Adding entry into typings cache: 'html-encoding-sniffer' => '/home/b0b1/.cache/typescript/4.1/node_modules/@types/html-encoding-sniffer/index.d.ts'
[14:35:56.557] Adding entry into typings cache: 'html-escaper' => '/home/b0b1/.cache/typescript/4.1/node_modules/@types/html-escaper/index.d.ts'
[14:35:56.604] Adding entry into typings cache: 'html-minifier-terser' => '/home/b0b1/.cache/typescript/4.1/node_modules/@types/html-minifier-terser/index.d.ts'
[14:35:56.621] Adding entry into typings cache: 'htmlparser2' => '/home/b0b1/.cache/typescript/4.1/node_modules/@types/htmlparser2/index.d.ts'
[14:35:56.703] Adding entry into typings cache: 'http-errors' => '/home/b0b1/.cache/typescript/4.1/node_modules/@types/http-errors/index.d.ts'
[14:35:56.738] Adding entry into typings cache: 'http-proxy' => '/home/b0b1/.cache/typescript/4.1/node_modules/@types/http-proxy/index.d.ts'
[14:35:56.789] Adding entry into typings cache: 'http-proxy-middleware' => '/home/b0b1/.cache/typescript/4.1/node_modules/@types/http-proxy-middleware/index.d.ts'
[14:35:56.852] Adding entry into typings cache: 'icss-utils' => '/home/b0b1/.cache/typescript/4.1/node_modules/@types/icss-utils/index.d.ts'
[14:35:56.911] Adding entry into typings cache: 'iferr' => '/home/b0b1/.cache/typescript/4.1/node_modules/@types/iferr/index.d.ts'
[14:35:56.955] Adding entry into typings cache: 'imurmurhash' => '/home/b0b1/.cache/typescript/4.1/node_modules/@types/imurmurhash/index.d.ts'
[14:35:57.074] Adding entry into typings cache: 'inherits' => '/home/b0b1/.cache/typescript/4.1/node_modules/@types/inherits/index.d.ts'
[14:35:57.355] Adding entry into typings cache: 'ini' => '/home/b0b1/.cache/typescript/4.1/node_modules/@types/ini/index.d.ts'
[14:35:57.415] Adding entry into typings cache: 'internal-slot' => '/home/b0b1/.cache/typescript/4.1/node_modules/@types/internal-slot/index.d.ts'
[14:35:57.465] Adding entry into typings cache: 'ip' => '/home/b0b1/.cache/typescript/4.1/node_modules/@types/ip/index.d.ts'
[14:35:57.509] Adding entry into typings cache: 'is-arguments' => '/home/b0b1/.cache/typescript/4.1/node_modules/@types/is-arguments/index.d.ts'
[14:35:57.655] Adding entry into typings cache: 'is-buffer' => '/home/b0b1/.cache/typescript/4.1/node_modules/@types/is-buffer/index.d.ts'
[14:35:57.674] Adding entry into typings cache: 'is-callable' => '/home/b0b1/.cache/typescript/4.1/node_modules/@types/is-callable/index.d.ts'
[14:35:57.719] Adding entry into typings cache: 'is-ci' => '/home/b0b1/.cache/typescript/4.1/node_modules/@types/is-ci/index.d.ts'
[14:35:57.785] Adding entry into typings cache: 'is-core-module' => '/home/b0b1/.cache/typescript/4.1/node_modules/@types/is-core-module/index.d.ts'
[14:35:57.842] Adding entry into typings cache: 'is-date-object' => '/home/b0b1/.cache/typescript/4.1/node_modules/@types/is-date-object/index.d.ts'
[14:35:57.920] Adding entry into typings cache: 'is-glob' => '/home/b0b1/.cache/typescript/4.1/node_modules/@types/is-glob/index.d.ts'
[14:35:58.228] Adding entry into typings cache: 'is-number' => '/home/b0b1/.cache/typescript/4.1/node_modules/@types/is-number/index.d.ts'
[14:35:58.328] Adding entry into typings cache: 'is-regex' => '/home/b0b1/.cache/typescript/4.1/node_modules/@types/is-regex/index.d.ts'
[14:35:58.441] Adding entry into typings cache: 'is-typedarray' => '/home/b0b1/.cache/typescript/4.1/node_modules/@types/is-typedarray/index.d.ts'
[14:35:58.635] Adding entry into typings cache: 'is-windows' => '/home/b0b1/.cache/typescript/4.1/node_modules/@types/is-windows/index.d.ts'
[14:35:58.728] Adding entry into typings cache: 'isarray' => '/home/b0b1/.cache/typescript/4.1/node_modules/@types/isarray/index.d.ts'
[14:35:58.771] Adding entry into typings cache: 'isexe' => '/home/b0b1/.cache/typescript/4.1/node_modules/@types/isexe/index.d.ts'
[14:35:58.813] Adding entry into typings cache: 'isstream' => '/home/b0b1/.cache/typescript/4.1/node_modules/@types/isstream/index.d.ts'
[14:35:58.820] Adding entry into typings cache: 'istanbul-lib-coverage' => '/home/b0b1/.cache/typescript/4.1/node_modules/@types/istanbul-lib-coverage/index.d.ts'
[14:35:58.852] Adding entry into typings cache: 'istanbul-lib-instrument' => '/home/b0b1/.cache/typescript/4.1/node_modules/@types/istanbul-lib-instrument/index.d.ts'
[14:35:58.935] Adding entry into typings cache: 'istanbul-lib-report' => '/home/b0b1/.cache/typescript/4.1/node_modules/@types/istanbul-lib-report/index.d.ts'
[14:35:58.962] Adding entry into typings cache: 'istanbul-lib-source-maps' => '/home/b0b1/.cache/typescript/4.1/node_modules/@types/istanbul-lib-source-maps/index.d.ts'
[14:35:59.052] Adding entry into typings cache: 'istanbul-reports' => '/home/b0b1/.cache/typescript/4.1/node_modules/@types/istanbul-reports/index.d.ts'
[14:35:59.132] Adding entry into typings cache: 'js-yaml' => '/home/b0b1/.cache/typescript/4.1/node_modules/@types/js-yaml/index.d.ts'
[14:35:59.304] Adding entry into typings cache: 'jsbn' => '/home/b0b1/.cache/typescript/4.1/node_modules/@types/jsbn/index.d.ts'
[14:35:59.345] Adding entry into typings cache: 'jsdom' => '/home/b0b1/.cache/typescript/4.1/node_modules/@types/jsdom/index.d.ts'
[14:35:59.367] Adding entry into typings cache: 'jsesc' => '/home/b0b1/.cache/typescript/4.1/node_modules/@types/jsesc/index.d.ts'
[14:35:59.433] Adding entry into typings cache: 'json-parse-better-errors' => '/home/b0b1/.cache/typescript/4.1/node_modules/@types/json-parse-better-errors/index.d.ts'
[14:35:59.467] Adding entry into typings cache: 'json-schema' => '/home/b0b1/.cache/typescript/4.1/node_modules/@types/json-schema/index.d.ts'
[14:35:59.496] Adding entry into typings cache: 'json-schema-traverse' => '/home/b0b1/.cache/typescript/4.1/node_modules/json-schema-traverse/index.d.ts'
[14:35:59.524] Adding entry into typings cache: 'json-stringify-safe' => '/home/b0b1/.cache/typescript/4.1/node_modules/@types/json-stringify-safe/index.d.ts'
[14:35:59.577] Adding entry into typings cache: 'json3' => '/home/b0b1/.cache/typescript/4.1/node_modules/@types/json3/index.d.ts'
[14:35:59.862] Adding entry into typings cache: 'json5' => '/home/b0b1/.cache/typescript/4.1/node_modules/@types/json5/index.d.ts'
[14:35:59.966] Adding entry into typings cache: 'jsonfile' => '/home/b0b1/.cache/typescript/4.1/node_modules/@types/jsonfile/index.d.ts'
[14:36:00.221] Adding entry into typings cache: 'kind-of' => '/home/b0b1/.cache/typescript/4.1/node_modules/@types/kind-of/index.d.ts'
[14:36:00.287] Adding entry into typings cache: 'language-tags' => '/home/b0b1/.cache/typescript/4.1/node_modules/@types/language-tags/index.d.ts'
[14:36:00.464] Adding entry into typings cache: 'loader-runner' => '/home/b0b1/.cache/typescript/4.1/node_modules/@types/loader-runner/index.d.ts'
[14:36:00.509] Adding entry into typings cache: 'loader-utils' => '/home/b0b1/.cache/typescript/4.1/node_modules/@types/loader-utils/index.d.ts'
[14:36:00.616] Adding entry into typings cache: 'lodash' => '/home/b0b1/.cache/typescript/4.1/node_modules/@types/lodash/index.d.ts'
[14:36:00.671] Adding entry into typings cache: 'lodash.debounce' => '/home/b0b1/.cache/typescript/4.1/node_modules/@types/lodash.debounce/index.d.ts'
[14:36:00.753] Adding entry into typings cache: 'lodash.memoize' => '/home/b0b1/.cache/typescript/4.1/node_modules/@types/lodash.memoize/index.d.ts'
[14:36:00.787] Adding entry into typings cache: 'lodash.sortby' => '/home/b0b1/.cache/typescript/4.1/node_modules/@types/lodash.sortby/index.d.ts'
[14:36:00.886] Adding entry into typings cache: 'lodash.template' => '/home/b0b1/.cache/typescript/4.1/node_modules/@types/lodash.template/index.d.ts'
[14:36:00.993] Adding entry into typings cache: 'lodash.throttle' => '/home/b0b1/.cache/typescript/4.1/node_modules/@types/lodash.throttle/index.d.ts'
[14:36:01.028] Adding entry into typings cache: 'lodash.uniq' => '/home/b0b1/.cache/typescript/4.1/node_modules/@types/lodash.uniq/index.d.ts'
[14:36:01.066] Adding entry into typings cache: 'lru-cache' => '/home/b0b1/.cache/typescript/4.1/node_modules/@types/lru-cache/index.d.ts'
[14:36:01.141] Adding entry into typings cache: 'lz-string' => '/home/b0b1/.cache/typescript/4.1/node_modules/@types/lz-string/index.d.ts'
[14:36:01.231] Adding entry into typings cache: 'media-typer' => '/home/b0b1/.cache/typescript/4.1/node_modules/@types/media-typer/index.d.ts'
[14:36:01.295] Adding entry into typings cache: 'memory-fs' => '/home/b0b1/.cache/typescript/4.1/node_modules/@types/memory-fs/index.d.ts'
[14:36:01.434] Adding entry into typings cache: 'merge-descriptors' => '/home/b0b1/.cache/typescript/4.1/node_modules/@types/merge-descriptors/index.d.ts'
[14:36:01.763] Adding entry into typings cache: 'merge-stream' => '/home/b0b1/.cache/typescript/4.1/node_modules/@types/merge-stream/index.d.ts'
[14:36:01.793] Adding entry into typings cache: 'merge2' => '/home/b0b1/.cache/typescript/4.1/node_modules/@types/merge2/index.d.ts'
[14:36:01.814] Adding entry into typings cache: 'methods' => '/home/b0b1/.cache/typescript/4.1/node_modules/@types/methods/index.d.ts'
[14:36:01.932] Adding entry into typings cache: 'micromatch' => '/home/b0b1/.cache/typescript/4.1/node_modules/@types/micromatch/index.d.ts'
[14:36:02.001] Adding entry into typings cache: 'mime' => '/home/b0b1/.cache/typescript/4.1/node_modules/@types/mime/index.d.ts'
[14:36:02.105] Adding entry into typings cache: 'mime-db' => '/home/b0b1/.cache/typescript/4.1/node_modules/@types/mime-db/index.d.ts'
[14:36:02.261] Adding entry into typings cache: 'mime-types' => '/home/b0b1/.cache/typescript/4.1/node_modules/@types/mime-types/index.d.ts'
[14:36:02.328] Adding entry into typings cache: 'min-indent' => '/home/b0b1/.cache/typescript/4.1/node_modules/@types/min-indent/index.d.ts'
[14:36:02.409] Adding entry into typings cache: 'mini-css-extract-plugin' => '/home/b0b1/.cache/typescript/4.1/node_modules/@types/mini-css-extract-plugin/index.d.ts'
[14:36:02.447] Adding entry into typings cache: 'minimalistic-assert' => '/home/b0b1/.cache/typescript/4.1/node_modules/@types/minimalistic-assert/index.d.ts'
[14:36:02.508] Adding entry into typings cache: 'minimatch' => '/home/b0b1/.cache/typescript/4.1/node_modules/@types/minimatch/index.d.ts'
[14:36:02.606] Adding entry into typings cache: 'minimist' => '/home/b0b1/.cache/typescript/4.1/node_modules/@types/minimist/index.d.ts'
[14:36:02.703] Adding entry into typings cache: 'minipass' => '/home/b0b1/.cache/typescript/4.1/node_modules/@types/minipass/index.d.ts'
[14:36:02.766] Adding entry into typings cache: 'mkdirp' => '/home/b0b1/.cache/typescript/4.1/node_modules/@types/mkdirp/index.d.ts'
[14:36:02.809] Adding entry into typings cache: 'move-concurrently' => '/home/b0b1/.cache/typescript/4.1/node_modules/@types/move-concurrently/index.d.ts'
[14:36:02.859] Adding entry into typings cache: 'ms' => '/home/b0b1/.cache/typescript/4.1/node_modules/@types/ms/index.d.ts'
[14:36:02.892] Adding entry into typings cache: 'natural-compare' => '/home/b0b1/.cache/typescript/4.1/node_modules/@types/natural-compare/index.d.ts'
[14:36:02.922] Adding entry into typings cache: 'negotiator' => '/home/b0b1/.cache/typescript/4.1/node_modules/@types/negotiator/index.d.ts'
[14:36:02.968] Adding entry into typings cache: 'next-tick' => '/home/b0b1/.cache/typescript/4.1/node_modules/@types/next-tick/index.d.ts'
[14:36:03.057] Adding entry into typings cache: 'nice-try' => '/home/b0b1/.cache/typescript/4.1/node_modules/@types/nice-try/index.d.ts'
[14:36:03.127] Adding entry into typings cache: 'node-forge' => '/home/b0b1/.cache/typescript/4.1/node_modules/@types/node-forge/index.d.ts'
[14:36:03.159] Adding entry into typings cache: 'node-int64' => '/home/b0b1/.cache/typescript/4.1/node_modules/@types/node-int64/index.d.ts'
[14:36:03.336] Adding entry into typings cache: 'node-notifier' => '/home/b0b1/.cache/typescript/4.1/node_modules/@types/node-notifier/index.d.ts'
[14:36:03.519] Adding entry into typings cache: 'normalize-package-data' => '/home/b0b1/.cache/typescript/4.1/node_modules/@types/normalize-package-data/index.d.ts'
[14:36:03.621] Adding entry into typings cache: 'normalize-path' => '/home/b0b1/.cache/typescript/4.1/node_modules/@types/normalize-path/index.d.ts'
[14:36:03.653] Adding entry into typings cache: 'num2fraction' => '/home/b0b1/.cache/typescript/4.1/node_modules/@types/num2fraction/index.d.ts'
[14:36:03.801] Adding entry into typings cache: 'object-assign' => '/home/b0b1/.cache/typescript/4.1/node_modules/@types/object-assign/index.d.ts'
[14:36:03.819] Adding entry into typings cache: 'object-inspect' => '/home/b0b1/.cache/typescript/4.1/node_modules/@types/object-inspect/index.d.ts'
[14:36:03.910] Adding entry into typings cache: 'object-keys' => '/home/b0b1/.cache/typescript/4.1/node_modules/@types/object-keys/index.d.ts'
[14:36:04.023] Adding entry into typings cache: 'object.fromentries' => '/home/b0b1/.cache/typescript/4.1/node_modules/@types/object.fromentries/index.d.ts'
[14:36:04.103] Adding entry into typings cache: 'object.getownpropertydescriptors' => '/home/b0b1/.cache/typescript/4.1/node_modules/@types/object.getownpropertydescriptors/index.d.ts'
[14:36:04.210] Adding entry into typings cache: 'object.pick' => '/home/b0b1/.cache/typescript/4.1/node_modules/@types/object.pick/index.d.ts'
[14:36:04.287] Adding entry into typings cache: 'on-finished' => '/home/b0b1/.cache/typescript/4.1/node_modules/@types/on-finished/index.d.ts'
[14:36:04.325] Adding entry into typings cache: 'on-headers' => '/home/b0b1/.cache/typescript/4.1/node_modules/@types/on-headers/index.d.ts'
[14:36:04.454] Adding entry into typings cache: 'once' => '/home/b0b1/.cache/typescript/4.1/node_modules/@types/once/index.d.ts'
[14:36:04.581] Adding entry into typings cache: 'optimize-css-assets-webpack-plugin' => '/home/b0b1/.cache/typescript/4.1/node_modules/@types/optimize-css-assets-webpack-plugin/index.d.ts'
[14:36:04.633] Adding entry into typings cache: 'original' => '/home/b0b1/.cache/typescript/4.1/node_modules/@types/original/index.d.ts'
[14:36:04.667] Adding entry into typings cache: 'pako' => '/home/b0b1/.cache/typescript/4.1/node_modules/@types/pako/index.d.ts'
[14:36:04.696] Adding entry into typings cache: 'parallel-transform' => '/home/b0b1/.cache/typescript/4.1/node_modules/@types/parallel-transform/index.d.ts'
[14:36:04.762] Adding entry into typings cache: 'parse-json' => '/home/b0b1/.cache/typescript/4.1/node_modules/@types/parse-json/index.d.ts'
[14:36:04.819] Adding entry into typings cache: 'parse5' => '/home/b0b1/.cache/typescript/4.1/node_modules/@types/parse5/index.d.ts'
[14:36:04.903] Adding entry into typings cache: 'parseurl' => '/home/b0b1/.cache/typescript/4.1/node_modules/@types/parseurl/index.d.ts'
[14:36:05.019] Adding entry into typings cache: 'pascalcase' => '/home/b0b1/.cache/typescript/4.1/node_modules/@types/pascalcase/index.d.ts'
[14:36:05.067] Adding entry into typings cache: 'path-is-absolute' => '/home/b0b1/.cache/typescript/4.1/node_modules/@types/path-is-absolute/index.d.ts'
[14:36:05.092] Adding entry into typings cache: 'path-is-inside' => '/home/b0b1/.cache/typescript/4.1/node_modules/@types/path-is-inside/index.d.ts'
[14:36:05.150] Adding entry into typings cache: 'path-parse' => '/home/b0b1/.cache/typescript/4.1/node_modules/@types/path-parse/index.d.ts'
[14:36:05.210] Adding entry into typings cache: 'pbkdf2' => '/home/b0b1/.cache/typescript/4.1/node_modules/@types/pbkdf2/index.d.ts'
[14:36:05.231] Adding entry into typings cache: 'picomatch' => '/home/b0b1/.cache/typescript/4.1/node_modules/@types/picomatch/index.d.ts'
[14:36:05.315] Adding entry into typings cache: 'pify' => '/home/b0b1/.cache/typescript/4.1/node_modules/@types/pify/index.d.ts'
[14:36:05.333] Adding entry into typings cache: 'postcss-calc' => '/home/b0b1/.cache/typescript/4.1/node_modules/@types/postcss-calc/index.d.ts'
[14:36:05.339] Adding entry into typings cache: 'postcss-custom-properties' => '/home/b0b1/.cache/typescript/4.1/node_modules/@types/postcss-custom-properties/index.d.ts'
[14:36:05.349] Adding entry into typings cache: 'postcss-flexbugs-fixes' => '/home/b0b1/.cache/typescript/4.1/node_modules/@types/postcss-flexbugs-fixes/index.d.ts'
[14:36:05.356] Adding entry into typings cache: 'postcss-focus-within' => '/home/b0b1/.cache/typescript/4.1/node_modules/@types/postcss-focus-within/index.d.ts'
[14:36:05.362] Adding entry into typings cache: 'postcss-gap-properties' => '/home/b0b1/.cache/typescript/4.1/node_modules/@types/postcss-gap-properties/index.d.ts'
[14:36:05.369] Adding entry into typings cache: 'postcss-load-config' => '/home/b0b1/.cache/typescript/4.1/node_modules/@types/postcss-load-config/index.d.ts'
[14:36:05.376] Adding entry into typings cache: 'postcss-modules-extract-imports' => '/home/b0b1/.cache/typescript/4.1/node_modules/@types/postcss-modules-extract-imports/index.d.ts'
[14:36:05.380] Adding entry into typings cache: 'postcss-modules-local-by-default' => '/home/b0b1/.cache/typescript/4.1/node_modules/@types/postcss-modules-local-by-default/index.d.ts'
[14:36:05.383] Adding entry into typings cache: 'postcss-modules-scope' => '/home/b0b1/.cache/typescript/4.1/node_modules/@types/postcss-modules-scope/index.d.ts'
[14:36:05.388] Adding entry into typings cache: 'postcss-modules-values' => '/home/b0b1/.cache/typescript/4.1/node_modules/@types/postcss-modules-values/index.d.ts'
[14:36:05.391] Adding entry into typings cache: 'postcss-normalize' => '/home/b0b1/.cache/typescript/4.1/node_modules/@types/postcss-normalize/index.d.ts'
[14:36:05.395] Adding entry into typings cache: 'postcss-preset-env' => '/home/b0b1/.cache/typescript/4.1/node_modules/@types/postcss-preset-env/index.d.ts'
[14:36:05.400] Adding entry into typings cache: 'postcss-safe-parser' => '/home/b0b1/.cache/typescript/4.1/node_modules/@types/postcss-safe-parser/index.d.ts'
[14:36:05.461] Adding entry into typings cache: 'prelude-ls' => '/home/b0b1/.cache/typescript/4.1/node_modules/@types/prelude-ls/index.d.ts'
[14:36:05.501] Adding entry into typings cache: 'progress' => '/home/b0b1/.cache/typescript/4.1/node_modules/@types/progress/index.d.ts'
[14:36:05.516] Adding entry into typings cache: 'promise-inflight' => '/home/b0b1/.cache/typescript/4.1/node_modules/@types/promise-inflight/index.d.ts'
[14:36:05.579] Adding entry into typings cache: 'prompts' => '/home/b0b1/.cache/typescript/4.1/node_modules/@types/prompts/index.d.ts'
[14:36:05.613] Adding entry into typings cache: 'prop-types' => '/home/b0b1/.cache/typescript/4.1/node_modules/@types/prop-types/index.d.ts'
[14:36:05.701] Adding entry into typings cache: 'proxy-addr' => '/home/b0b1/.cache/typescript/4.1/node_modules/@types/proxy-addr/index.d.ts'
[14:36:05.809] Adding entry into typings cache: 'psl' => '/home/b0b1/.cache/typescript/4.1/node_modules/@types/psl/index.d.ts'
[14:36:06.054] Adding entry into typings cache: 'pump' => '/home/b0b1/.cache/typescript/4.1/node_modules/@types/pump/index.d.ts'
[14:36:06.187] Adding entry into typings cache: 'pumpify' => '/home/b0b1/.cache/typescript/4.1/node_modules/@types/pumpify/index.d.ts'
[14:36:06.269] Adding entry into typings cache: 'punycode' => '/home/b0b1/.cache/typescript/4.1/node_modules/@types/punycode/index.d.ts'
[14:36:06.497] Adding entry into typings cache: 'q' => '/home/b0b1/.cache/typescript/4.1/node_modules/@types/q/index.d.ts'
[14:36:06.540] Adding entry into typings cache: 'qs' => '/home/b0b1/.cache/typescript/4.1/node_modules/@types/qs/index.d.ts'
[14:36:06.562] Adding entry into typings cache: 'querystringify' => '/home/b0b1/.cache/typescript/4.1/node_modules/@types/querystringify/index.d.ts'
[14:36:06.566] Adding entry into typings cache: 'raf' => '/home/b0b1/.cache/typescript/4.1/node_modules/@types/raf/index.d.ts'
[14:36:06.684] Adding entry into typings cache: 'randombytes' => '/home/b0b1/.cache/typescript/4.1/node_modules/@types/randombytes/index.d.ts'
[14:36:06.726] Adding entry into typings cache: 'range-parser' => '/home/b0b1/.cache/typescript/4.1/node_modules/@types/range-parser/index.d.ts'
[14:36:06.729] Adding entry into typings cache: 'react' => '/home/b0b1/.cache/typescript/4.1/node_modules/@types/react/index.d.ts'
[14:36:06.806] Adding entry into typings cache: 'react-dev-utils' => '/home/b0b1/.cache/typescript/4.1/node_modules/@types/react-dev-utils/index.d.ts'
[14:36:06.826] Adding entry into typings cache: 'react-dom' => '/home/b0b1/.cache/typescript/4.1/node_modules/@types/react-dom/index.d.ts'
[14:36:06.979] Adding entry into typings cache: 'react-is' => '/home/b0b1/.cache/typescript/4.1/node_modules/@types/react-is/index.d.ts'
[14:36:07.038] Adding entry into typings cache: 'react-router' => '/home/b0b1/.cache/typescript/4.1/node_modules/@types/react-router/index.d.ts'
[14:36:07.066] Adding entry into typings cache: 'react-router-dom' => '/home/b0b1/.cache/typescript/4.1/node_modules/@types/react-router-dom/index.d.ts'
[14:36:07.078] Adding entry into typings cache: 'react-scroll' => '/home/b0b1/.cache/typescript/4.1/node_modules/@types/react-scroll/index.d.ts'
[14:36:07.151] Adding entry into typings cache: 'readable-stream' => '/home/b0b1/.cache/typescript/4.1/node_modules/@types/readable-stream/index.d.ts'
[14:36:07.160] Adding entry into typings cache: 'recursive-readdir' => '/home/b0b1/.cache/typescript/4.1/node_modules/@types/recursive-readdir/index.d.ts'
[14:36:07.166] Adding entry into typings cache: 'regenerator-runtime' => '/home/b0b1/.cache/typescript/4.1/node_modules/@types/regenerator-runtime/index.d.ts'
[14:36:07.215] Adding entry into typings cache: 'relateurl' => '/home/b0b1/.cache/typescript/4.1/node_modules/@types/relateurl/index.d.ts'
[14:36:07.332] Adding entry into typings cache: 'repeat-element' => '/home/b0b1/.cache/typescript/4.1/node_modules/@types/repeat-element/index.d.ts'
[14:36:07.433] Adding entry into typings cache: 'repeat-string' => '/home/b0b1/.cache/typescript/4.1/node_modules/@types/repeat-string/index.d.ts'
[14:36:07.459] Adding entry into typings cache: 'request' => '/home/b0b1/.cache/typescript/4.1/node_modules/@types/request/index.d.ts'
[14:36:07.482] Adding entry into typings cache: 'request-promise-native' => '/home/b0b1/.cache/typescript/4.1/node_modules/@types/request-promise-native/index.d.ts'
[14:36:07.527] Adding entry into typings cache: 'require-directory' => '/home/b0b1/.cache/typescript/4.1/node_modules/@types/require-directory/index.d.ts'
[14:36:07.658] Adding entry into typings cache: 'requires-port' => '/home/b0b1/.cache/typescript/4.1/node_modules/@types/requires-port/index.d.ts'
[14:36:07.722] Adding entry into typings cache: 'resolve' => '/home/b0b1/.cache/typescript/4.1/node_modules/@types/resolve/index.d.ts'
[14:36:07.735] Adding entry into typings cache: 'retry' => '/home/b0b1/.cache/typescript/4.1/node_modules/@types/retry/index.d.ts'
[14:36:07.775] Adding entry into typings cache: 'rimraf' => '/home/b0b1/.cache/typescript/4.1/node_modules/@types/rimraf/index.d.ts'
[14:36:07.790] Adding entry into typings cache: 'ripemd160' => '/home/b0b1/.cache/typescript/4.1/node_modules/@types/ripemd160/index.d.ts'
[14:36:07.806] Adding entry into typings cache: 'rsvp' => '/home/b0b1/.cache/typescript/4.1/node_modules/@types/rsvp/index.d.ts'
[14:36:07.807] Adding entry into typings cache: 'run-parallel' => '/home/b0b1/.cache/typescript/4.1/node_modules/@types/run-parallel/index.d.ts'
[14:36:07.914] Adding entry into typings cache: 'safe-regex' => '/home/b0b1/.cache/typescript/4.1/node_modules/@types/safe-regex/index.d.ts'
[14:36:07.917] Adding entry into typings cache: 'safer-buffer' => '/home/b0b1/.cache/typescript/4.1/node_modules/@types/safer-buffer/index.d.ts'
[14:36:07.919] Adding entry into typings cache: 'sane' => '/home/b0b1/.cache/typescript/4.1/node_modules/@types/sane/index.d.ts'
[14:36:08.013] Adding entry into typings cache: 'sass-loader' => '/home/b0b1/.cache/typescript/4.1/node_modules/@types/sass-loader/index.d.ts'
[14:36:08.021] Adding entry into typings cache: 'sax' => '/home/b0b1/.cache/typescript/4.1/node_modules/@types/sax/index.d.ts'
[14:36:08.023] Adding entry into typings cache: 'scheduler' => '/home/b0b1/.cache/typescript/4.1/node_modules/@types/scheduler/index.d.ts'
[14:36:08.079] Adding entry into typings cache: 'semver' => '/home/b0b1/.cache/typescript/4.1/node_modules/@types/semver/index.d.ts'
[14:36:08.133] Adding entry into typings cache: 'send' => '/home/b0b1/.cache/typescript/4.1/node_modules/@types/send/index.d.ts'
[14:36:08.233] Adding entry into typings cache: 'serialize-javascript' => '/home/b0b1/.cache/typescript/4.1/node_modules/@types/serialize-javascript/index.d.ts'
[14:36:08.235] Adding entry into typings cache: 'serve-index' => '/home/b0b1/.cache/typescript/4.1/node_modules/@types/serve-index/index.d.ts'
[14:36:08.237] Adding entry into typings cache: 'serve-static' => '/home/b0b1/.cache/typescript/4.1/node_modules/@types/serve-static/index.d.ts'
[14:36:08.352] Adding entry into typings cache: 'set-value' => '/home/b0b1/.cache/typescript/4.1/node_modules/@types/set-value/index.d.ts'
[14:36:08.632] Adding entry into typings cache: 'setimmediate' => '/home/b0b1/.cache/typescript/4.1/node_modules/@types/setimmediate/index.d.ts'
[14:36:08.671] Adding entry into typings cache: 'sha.js' => '/home/b0b1/.cache/typescript/4.1/node_modules/@types/sha.js/index.d.ts'
[14:36:08.782] Adding entry into typings cache: 'shallowequal' => '/home/b0b1/.cache/typescript/4.1/node_modules/@types/shallowequal/index.d.ts'
[14:36:08.821] Adding entry into typings cache: 'shebang-command' => '/home/b0b1/.cache/typescript/4.1/node_modules/@types/shebang-command/index.d.ts'
[14:36:08.841] Adding entry into typings cache: 'shell-quote' => '/home/b0b1/.cache/typescript/4.1/node_modules/@types/shell-quote/index.d.ts'
[14:36:08.845] Adding entry into typings cache: 'signal-exit' => '/home/b0b1/.cache/typescript/4.1/node_modules/@types/signal-exit/index.d.ts'
[14:36:08.847] Adding entry into typings cache: 'slice-ansi' => '/home/b0b1/.cache/typescript/4.1/node_modules/@types/slice-ansi/index.d.ts'
[14:36:08.850] Adding entry into typings cache: 'sockjs' => '/home/b0b1/.cache/typescript/4.1/node_modules/@types/sockjs/index.d.ts'
[14:36:08.903] Adding entry into typings cache: 'sockjs-client' => '/home/b0b1/.cache/typescript/4.1/node_modules/@types/sockjs-client/index.d.ts'
[14:36:09.054] Adding entry into typings cache: 'source-list-map' => '/home/b0b1/.cache/typescript/4.1/node_modules/@types/source-list-map/index.d.ts'
[14:36:09.092] Adding entry into typings cache: 'source-map-support' => '/home/b0b1/.cache/typescript/4.1/node_modules/@types/source-map-support/index.d.ts'
[14:36:09.121] Adding entry into typings cache: 'spdx-correct' => '/home/b0b1/.cache/typescript/4.1/node_modules/@types/spdx-correct/index.d.ts'
[14:36:09.123] Adding entry into typings cache: 'spdx-expression-parse' => '/home/b0b1/.cache/typescript/4.1/node_modules/@types/spdx-expression-parse/index.d.ts'
[14:36:09.146] Adding entry into typings cache: 'spdy' => '/home/b0b1/.cache/typescript/4.1/node_modules/@types/spdy/index.d.ts'
[14:36:09.190] Adding entry into typings cache: 'sprintf' => '/home/b0b1/.cache/typescript/4.1/node_modules/@types/sprintf/index.d.ts'
[14:36:09.207] Adding entry into typings cache: 'sprintf-js' => '/home/b0b1/.cache/typescript/4.1/node_modules/@types/sprintf-js/index.d.ts'
[14:36:09.222] Adding entry into typings cache: 'sshpk' => '/home/b0b1/.cache/typescript/4.1/node_modules/@types/sshpk/index.d.ts'
[14:36:09.304] Adding entry into typings cache: 'ssri' => '/home/b0b1/.cache/typescript/4.1/node_modules/@types/ssri/index.d.ts'
[14:36:09.306] Adding entry into typings cache: 'stack-utils' => '/home/b0b1/.cache/typescript/4.1/node_modules/@types/stack-utils/index.d.ts'
[14:36:09.344] Adding entry into typings cache: 'statuses' => '/home/b0b1/.cache/typescript/4.1/node_modules/@types/statuses/index.d.ts'
[14:36:09.389] Adding entry into typings cache: 'stream-each' => '/home/b0b1/.cache/typescript/4.1/node_modules/@types/stream-each/index.d.ts'
[14:36:09.462] Adding entry into typings cache: 'stream-shift' => '/home/b0b1/.cache/typescript/4.1/node_modules/@types/stream-shift/index.d.ts'
[14:36:09.521] Adding entry into typings cache: 'strict-uri-encode' => '/home/b0b1/.cache/typescript/4.1/node_modules/@types/strict-uri-encode/index.d.ts'
[14:36:09.573] Adding entry into typings cache: 'string-natural-compare' => '/home/b0b1/.cache/typescript/4.1/node_modules/@types/string-natural-compare/index.d.ts'
[14:36:09.652] Adding entry into typings cache: 'string.prototype.matchall' => '/home/b0b1/.cache/typescript/4.1/node_modules/@types/string.prototype.matchall/index.d.ts'
[14:36:09.684] Adding entry into typings cache: 'stringify-object' => '/home/b0b1/.cache/typescript/4.1/node_modules/@types/stringify-object/index.d.ts'
[14:36:09.745] Adding entry into typings cache: 'strip-comments' => '/home/b0b1/.cache/typescript/4.1/node_modules/@types/strip-comments/index.d.ts'
[14:36:09.762] Adding entry into typings cache: 'styled-components' => '/home/b0b1/.cache/typescript/4.1/node_modules/@types/styled-components/index.d.ts'
[14:36:10.010] Adding entry into typings cache: 'styled-theming' => '/home/b0b1/.cache/typescript/4.1/node_modules/@types/styled-theming/index.d.ts'
[14:36:10.197] Adding entry into typings cache: 'supports-color' => '/home/b0b1/.cache/typescript/4.1/node_modules/@types/supports-color/index.d.ts'
[14:36:10.306] Adding entry into typings cache: 'svg-parser' => '/home/b0b1/.cache/typescript/4.1/node_modules/@types/svg-parser/index.d.ts'
[14:36:10.404] Adding entry into typings cache: 'svgo' => '/home/b0b1/.cache/typescript/4.1/node_modules/@types/svgo/index.d.ts'
[14:36:10.435] Adding entry into typings cache: 'symbol-tree' => '/home/b0b1/.cache/typescript/4.1/node_modules/@types/symbol-tree/index.d.ts'
[14:36:10.474] Adding entry into typings cache: 'table' => '/home/b0b1/.cache/typescript/4.1/node_modules/@types/table/index.d.ts'
[14:36:10.575] Adding entry into typings cache: 'tapable' => '/home/b0b1/.cache/typescript/4.1/node_modules/tapable/tapable.d.ts'
[14:36:10.720] Adding entry into typings cache: 'tar' => '/home/b0b1/.cache/typescript/4.1/node_modules/@types/tar/index.d.ts'
[14:36:10.872] Adding entry into typings cache: 'terser-webpack-plugin' => '/home/b0b1/.cache/typescript/4.1/node_modules/@types/terser-webpack-plugin/index.d.ts'
[14:36:10.901] Adding entry into typings cache: 'testing-library__jest-dom' => '/home/b0b1/.cache/typescript/4.1/node_modules/@types/testing-library__jest-dom/index.d.ts'
[14:36:10.952] Adding entry into typings cache: 'text-table' => '/home/b0b1/.cache/typescript/4.1/node_modules/@types/text-table/index.d.ts'
[14:36:11.007] Adding entry into typings cache: 'through2' => '/home/b0b1/.cache/typescript/4.1/node_modules/@types/through2/index.d.ts'
[14:36:11.019] Adding entry into typings cache: 'timsort' => '/home/b0b1/.cache/typescript/4.1/node_modules/@types/timsort/index.d.ts'
[14:36:11.175] Adding entry into typings cache: 'tough-cookie' => '/home/b0b1/.cache/typescript/4.1/node_modules/@types/tough-cookie/index.d.ts'
[14:36:11.246] Adding entry into typings cache: 'tryer' => '/home/b0b1/.cache/typescript/4.1/node_modules/@types/tryer/index.d.ts'
[14:36:11.249] Adding entry into typings cache: 'type-check' => '/home/b0b1/.cache/typescript/4.1/node_modules/@types/type-check/index.d.ts'
[14:36:11.252] Adding entry into typings cache: 'type-detect' => '/home/b0b1/.cache/typescript/4.1/node_modules/@types/type-detect/index.d.ts'
[14:36:11.355] Adding entry into typings cache: 'type-is' => '/home/b0b1/.cache/typescript/4.1/node_modules/@types/type-is/index.d.ts'
[14:36:11.391] Adding entry into typings cache: 'uniq' => '/home/b0b1/.cache/typescript/4.1/node_modules/@types/uniq/index.d.ts'
[14:36:11.417] Adding entry into typings cache: 'unist' => '/home/b0b1/.cache/typescript/4.1/node_modules/@types/unist/index.d.ts'
[14:36:11.435] Adding entry into typings cache: 'universalify' => '/home/b0b1/.cache/typescript/4.1/node_modules/@types/universalify/index.d.ts'
[14:36:11.574] Adding entry into typings cache: 'urix' => '/home/b0b1/.cache/typescript/4.1/node_modules/@types/urix/index.d.ts'
[14:36:11.638] Adding entry into typings cache: 'url-parse' => '/home/b0b1/.cache/typescript/4.1/node_modules/@types/url-parse/index.d.ts'
[14:36:11.677] Adding entry into typings cache: 'util-deprecate' => '/home/b0b1/.cache/typescript/4.1/node_modules/@types/util-deprecate/index.d.ts'
[14:36:11.735] Adding entry into typings cache: 'util.promisify' => '/home/b0b1/.cache/typescript/4.1/node_modules/@types/util.promisify/index.d.ts'
[14:36:11.738] Adding entry into typings cache: 'utils-merge' => '/home/b0b1/.cache/typescript/4.1/node_modules/@types/utils-merge/index.d.ts'
[14:36:11.764] Adding entry into typings cache: 'uuid' => '/home/b0b1/.cache/typescript/4.1/node_modules/@types/uuid/index.d.ts'
[14:36:11.767] Adding entry into typings cache: 'validate-npm-package-license' => '/home/b0b1/.cache/typescript/4.1/node_modules/@types/validate-npm-package-license/index.d.ts'
[14:36:11.769] Adding entry into typings cache: 'vary' => '/home/b0b1/.cache/typescript/4.1/node_modules/@types/vary/index.d.ts'
[14:36:11.771] Adding entry into typings cache: 'verror' => '/home/b0b1/.cache/typescript/4.1/node_modules/@types/verror/index.d.ts'
[14:36:11.773] Adding entry into typings cache: 'w3c-xmlserializer' => '/home/b0b1/.cache/typescript/4.1/node_modules/@types/w3c-xmlserializer/index.d.ts'
[14:36:11.778] Adding entry into typings cache: 'watchpack' => '/home/b0b1/.cache/typescript/4.1/node_modules/@types/watchpack/index.d.ts'
[14:36:11.781] Adding entry into typings cache: 'webidl-conversions' => '/home/b0b1/.cache/typescript/4.1/node_modules/@types/webidl-conversions/index.d.ts'
[14:36:11.897] Adding entry into typings cache: 'webpack' => '/home/b0b1/.cache/typescript/4.1/node_modules/webpack/types.d.ts'
[14:36:11.940] Adding entry into typings cache: 'webpack-dev-middleware' => '/home/b0b1/.cache/typescript/4.1/node_modules/@types/webpack-dev-middleware/index.d.ts'
[14:36:11.942] Adding entry into typings cache: 'webpack-dev-server' => '/home/b0b1/.cache/typescript/4.1/node_modules/@types/webpack-dev-server/index.d.ts'
[14:36:11.997] Adding entry into typings cache: 'webpack-manifest-plugin' => '/home/b0b1/.cache/typescript/4.1/node_modules/@types/webpack-manifest-plugin/index.d.ts'
[14:36:12.044] Adding entry into typings cache: 'webpack-sources' => '/home/b0b1/.cache/typescript/4.1/node_modules/@types/webpack-sources/index.d.ts'
[14:36:12.105] Adding entry into typings cache: 'whatwg-encoding' => '/home/b0b1/.cache/typescript/4.1/node_modules/@types/whatwg-encoding/index.d.ts'
[14:36:12.109] Adding entry into typings cache: 'whatwg-mimetype' => '/home/b0b1/.cache/typescript/4.1/node_modules/@types/whatwg-mimetype/index.d.ts'
[14:36:12.110] Adding entry into typings cache: 'whatwg-url' => '/home/b0b1/.cache/typescript/4.1/node_modules/@types/whatwg-url/index.d.ts'
[14:36:12.185] Adding entry into typings cache: 'which' => '/home/b0b1/.cache/typescript/4.1/node_modules/@types/which/index.d.ts'
[14:36:12.269] Adding entry into typings cache: 'workbox-build' => '/home/b0b1/.cache/typescript/4.1/node_modules/@types/workbox-build/index.d.ts'
[14:36:12.325] Adding entry into typings cache: 'workbox-sw' => '/home/b0b1/.cache/typescript/4.1/node_modules/@types/workbox-sw/index.d.ts'
[14:36:12.427] Adding entry into typings cache: 'workbox-webpack-plugin' => '/home/b0b1/.cache/typescript/4.1/node_modules/@types/workbox-webpack-plugin/index.d.ts'
[14:36:12.486] Adding entry into typings cache: 'wrap-ansi' => '/home/b0b1/.cache/typescript/4.1/node_modules/@types/wrap-ansi/index.d.ts'
[14:36:12.492] Adding entry into typings cache: 'write' => '/home/b0b1/.cache/typescript/4.1/node_modules/@types/write/index.d.ts'
[14:36:12.651] Adding entry into typings cache: 'write-file-atomic' => '/home/b0b1/.cache/typescript/4.1/node_modules/@types/write-file-atomic/index.d.ts'
[14:36:12.653] Adding entry into typings cache: 'ws' => '/home/b0b1/.cache/typescript/4.1/node_modules/@types/ws/index.d.ts'
[14:36:12.704] Adding entry into typings cache: 'xtend' => '/home/b0b1/.cache/typescript/4.1/node_modules/@types/xtend/index.d.ts'
[14:36:12.706] Adding entry into typings cache: 'y18n' => '/home/b0b1/.cache/typescript/4.1/node_modules/@types/y18n/index.d.ts'
[14:36:12.809] Adding entry into typings cache: 'yallist' => '/home/b0b1/.cache/typescript/4.1/node_modules/@types/yallist/index.d.ts'
[14:36:12.868] Adding entry into typings cache: 'yargs' => '/home/b0b1/.cache/typescript/4.1/node_modules/@types/yargs/index.d.ts'
[14:36:12.902] Adding entry into typings cache: 'yargs-parser' => '/home/b0b1/.cache/typescript/4.1/node_modules/@types/yargs-parser/index.d.ts'
[14:36:12.902] Finished processing cache location '/home/b0b1/.cache/typescript/4.1'
[14:36:12.903] Process id: 135131
[14:36:12.903] NPM location: /home/b0b1/.nvm/versions/node/v14.15.1/bin/npm (explicit '--npmLocation' not  provided)
[14:36:12.903] validateDefaultNpmLocation: false
[14:36:12.903] Npm config file: /home/b0b1/.cache/typescript/4.1/package.json
[14:36:12.904] Updating types-registry npm package...
[14:36:12.904] Exec: /home/b0b1/.nvm/versions/node/v14.15.1/bin/npm install --ignore-scripts types-registry@latest
[14:36:41.283]     Succeeded. stdout:
    + types-registry@0.1.520
    updated 1 package and audited 743 packages in 20.357s

17 packages are looking for funding
  run `npm fund` for details

found 0 vulnerabilities


[14:36:41.283] Updated types-registry npm package
